# JRE version: 6.0_35-b35
# Java VM: OpenJDK 64-Bit Server VM (23.25-b01 mixed mode linux-amd64 compressed oops)
Heap
 PSYoungGen      total 70976K, used 31792K [0x00000000f5560000, 0x00000000fa000000, 0x0000000100000000)
  eden space 65536K, 40% used [0x00000000f5560000,0x00000000f6f1f680,0x00000000f9560000)
  from space 5440K, 99% used [0x00000000f9ab0000,0x00000000f9ffcc88,0x00000000fa000000)
  to   space 5440K, 0% used [0x00000000f9560000,0x00000000f9560000,0x00000000f9ab0000)
 ParOldGen       total 87424K, used 5964K [0x00000000e0000000, 0x00000000e5560000, 0x00000000f5560000)
  object space 87424K, 6% used [0x00000000e0000000,0x00000000e05d3050,0x00000000e5560000)
 PSPermGen       total 21248K, used 15736K [0x00000000d0000000, 0x00000000d14c0000, 0x00000000e0000000)
  object space 21248K, 74% used [0x00000000d0000000,0x00000000d0f5e278,0x00000000d14c0000)
GC Heap History (4 events):
Event: 3.071 GC heap before
{Heap before GC invocations=1 (full 0):
 PSYoungGen      total 38208K, used 32768K [0x00000000f5560000, 0x00000000f8000000, 0x0000000100000000)
  eden space 32768K, 100% used [0x00000000f5560000,0x00000000f7560000,0x00000000f7560000)
  from space 5440K, 0% used [0x00000000f7ab0000,0x00000000f7ab0000,0x00000000f8000000)
  to   space 5440K, 0% used [0x00000000f7560000,0x00000000f7560000,0x00000000f7ab0000)
 ParOldGen       total 87424K, used 0K [0x00000000e0000000, 0x00000000e5560000, 0x00000000f5560000)
  object space 87424K, 0% used [0x00000000e0000000,0x00000000e0000000,0x00000000e5560000)
 PSPermGen       total 21248K, used 8145K [0x00000000d0000000, 0x00000000d14c0000, 0x00000000e0000000)
  object space 21248K, 38% used [0x00000000d0000000,0x00000000d07f4460,0x00000000d14c0000)
Event: 3.141 GC heap after
Heap after GC invocations=1 (full 0):
 PSYoungGen      total 38208K, used 5408K [0x00000000f5560000, 0x00000000fa000000, 0x0000000100000000)
  eden space 32768K, 0% used [0x00000000f5560000,0x00000000f5560000,0x00000000f7560000)
  from space 5440K, 99% used [0x00000000f7560000,0x00000000f7aa8030,0x00000000f7ab0000)
  to   space 5440K, 0% used [0x00000000f9ab0000,0x00000000f9ab0000,0x00000000fa000000)
 ParOldGen       total 87424K, used 2038K [0x00000000e0000000, 0x00000000e5560000, 0x00000000f5560000)
  object space 87424K, 2% used [0x00000000e0000000,0x00000000e01fd830,0x00000000e5560000)
 PSPermGen       total 21248K, used 8145K [0x00000000d0000000, 0x00000000d14c0000, 0x00000000e0000000)
  object space 21248K, 38% used [0x00000000d0000000,0x00000000d07f4460,0x00000000d14c0000)
}
Event: 10.128 GC heap before
{Heap before GC invocations=2 (full 0):
 PSYoungGen      total 38208K, used 38176K [0x00000000f5560000, 0x00000000fa000000, 0x0000000100000000)
  eden space 32768K, 100% used [0x00000000f5560000,0x00000000f7560000,0x00000000f7560000)
  from space 5440K, 99% used [0x00000000f7560000,0x00000000f7aa8030,0x00000000f7ab0000)
  to   space 5440K, 0% used [0x00000000f9ab0000,0x00000000f9ab0000,0x00000000fa000000)
 ParOldGen       total 87424K, used 2038K [0x00000000e0000000, 0x00000000e5560000, 0x00000000f5560000)
  object space 87424K, 2% used [0x00000000e0000000,0x00000000e01fd830,0x00000000e5560000)
 PSPermGen       total 21248K, used 10866K [0x00000000d0000000, 0x00000000d14c0000, 0x00000000e0000000)
  object space 21248K, 51% used [0x00000000d0000000,0x00000000d0a9c828,0x00000000d14c0000)
Event: 10.248 GC heap after
Heap after GC invocations=2 (full 0):
 PSYoungGen      total 70976K, used 5427K [0x00000000f5560000, 0x00000000fa000000, 0x0000000100000000)
  eden space 65536K, 0% used [0x00000000f5560000,0x00000000f5560000,0x00000000f9560000)
  from space 5440K, 99% used [0x00000000f9ab0000,0x00000000f9ffcc88,0x00000000fa000000)
  to   space 5440K, 0% used [0x00000000f9560000,0x00000000f9560000,0x00000000f9ab0000)
 ParOldGen       total 87424K, used 5964K [0x00000000e0000000, 0x00000000e5560000, 0x00000000f5560000)
  object space 87424K, 6% used [0x00000000e0000000,0x00000000e05d3050,0x00000000e5560000)
 PSPermGen       total 21248K, used 10866K [0x00000000d0000000, 0x00000000d14c0000, 0x00000000e0000000)
  object space 21248K, 51% used [0x00000000d0000000,0x00000000d0a9c828,0x00000000d14c0000)
}

